1711357206597:hl
1711357323314:tatQuz
1711357332987:epSr-ihp
1711357340207:dfk
1711357341788:elssf
1711357343370:sf
1711357348020:epep
1711357362282:i
1711357363868:d
1711357367914:adadhlhldrcc
1711357372373:cd
1711357377410:cdche
1711357379585:hlphe
1711357382085:hlphl
1711357384043:hephep
1711357385979:hep
1711357420814:hlhlh
1711357426417:ehl
1711357432018:e
1711357432503:lphp
1711357440029:hp
1711357445720:elhp
1711357447810:hehl
1711357450896:el
1711357452768:ehph
1711357454467:elhep
1711358136397:help
1711358197127:hl
1711358314639:help
1711358320347:hello
1711358531510:hl
1711358548998:help
1711358554642:about
1711358556977:About
1711358673815:quit
1711394307488:help
1711394325320:show-options
1711394333739:1
1711394375561:select
1711394379929:select 2
1711891475074:help
